<?xml version="1.0" encoding="UTF-8"?><testsuite errors="0" failures="0" name="com.bestbuy.testsuite.StoreCurdTestWithSteps" skipped="0" tests="4" time="6.07" timestamp="2023-01-01T22:44:29.884Z[Europe/London]"><testcase classname="com.bestbuy.testsuite.StoreCurdTestWithSteps" name="This will create new product"/><testcase classname="com.bestbuy.testsuite.StoreCurdTestWithSteps" name="Verify if the product was added to application"/><testcase classname="com.bestbuy.testsuite.StoreCurdTestWithSteps" name="This will update product"/><testcase classname="com.bestbuy.testsuite.StoreCurdTestWithSteps" name="This will delete product"/></testsuite>